Queen Death Display - Metal Income Log
Started: 2025-12-09 22:39:58
========================================
[2025-12-09 22:39:58] Game Time: 38m 10s | Widget initialized and ready
[2025-12-09 22:40:00] Game Time: 38m 11s | Metal Income (Wolfiie): 114.4K/s (Reached 100/s)
[2025-12-09 22:40:00] Game Time: 38m 11s | Metal Income (Wolfiie): 114.4K/s (Reached 200/s)
[2025-12-09 22:40:00] Game Time: 38m 11s | Metal Income (Wolfiie): 114.4K/s (Reached 500/s)
[2025-12-09 22:40:00] Game Time: 38m 11s | Metal Income (Wolfiie): 114.4K/s (Reached 1.0K/s)
[2025-12-09 22:40:00] Game Time: 38m 11s | Metal Income (Wolfiie): 114.4K/s (Reached 2.0K/s)
[2025-12-09 22:40:00] Game Time: 38m 11s | Metal Income (Wolfiie): 114.4K/s (Reached 3.0K/s)
[2025-12-09 22:40:00] Game Time: 38m 11s | Metal Income (Wolfiie): 114.4K/s (Reached 4.0K/s)
[2025-12-09 22:40:00] Game Time: 38m 11s | Metal Income (Wolfiie): 114.4K/s (Reached 5.0K/s)
[2025-12-09 22:40:00] Game Time: 38m 11s | Metal Income (Wolfiie): 114.4K/s (Reached 6.0K/s)
[2025-12-09 22:40:00] Game Time: 38m 11s | Metal Income (Wolfiie): 114.4K/s (Reached 7.0K/s)
[2025-12-09 22:40:00] Game Time: 38m 11s | Metal Income (Wolfiie): 114.4K/s (Reached 8.0K/s)
[2025-12-09 22:40:00] Game Time: 38m 11s | Metal Income (Wolfiie): 114.4K/s (Reached 9.0K/s)
[2025-12-09 22:40:00] Game Time: 38m 11s | Metal Income (Wolfiie): 114.4K/s (Reached 10.0K/s)
[2025-12-09 22:40:00] Game Time: 38m 11s | Metal Income (Wolfiie): 114.4K/s (Reached 15.0K/s)
[2025-12-09 22:40:00] Game Time: 38m 11s | Metal Income (Wolfiie): 114.4K/s (Reached 20.0K/s)
[2025-12-09 22:40:00] Game Time: 38m 11s | Metal Income (Wolfiie): 114.4K/s (Reached 30.0K/s)
[2025-12-09 22:40:00] Game Time: 38m 11s | Metal Income (Wolfiie): 114.4K/s (Reached 40.0K/s)
[2025-12-09 22:40:00] Game Time: 38m 11s | Metal Income (Wolfiie): 114.4K/s (Reached 50.0K/s)
[2025-12-09 22:40:00] Game Time: 38m 11s | Metal Income (Wolfiie): 114.4K/s (Reached 100.0K/s)

========================================
Ended: 2025-12-09 22:50:27
