Queen Death Display - Metal Income Log
Started: 2025-12-09 23:28:04
========================================
[2025-12-09 23:28:04] Game Time: 0s | Widget initialized and ready
[2025-12-09 23:31:57] Game Time: 2m 20s | Metal Income (Wolfiie): 521/s (Reached 100/s)
[2025-12-09 23:31:57] Game Time: 2m 20s | Metal Income (Wolfiie): 521/s (Reached 200/s)
[2025-12-09 23:31:57] Game Time: 2m 20s | Metal Income (Wolfiie): 521/s (Reached 500/s)
[2025-12-09 23:40:47] Game Time: 11m 10s | Metal Income (Wolfiie): 1.1K/s (Reached 1.0K/s)
[2025-12-09 23:42:12] Game Time: 12m 35s | Metal Income (Wolfiie): 3.0K/s (Reached 2.0K/s)
[2025-12-09 23:42:12] Game Time: 12m 35s | Metal Income (Wolfiie): 3.0K/s (Reached 3.0K/s)
[2025-12-09 23:45:39] Game Time: 16m 2s | Metal Income (Wolfiie): 4.1K/s (Reached 4.0K/s)
[2025-12-09 23:47:47] Game Time: 18m 10s | Metal Income (Wolfiie): 5.5K/s (Reached 5.0K/s)
[2025-12-09 23:48:19] Game Time: 18m 42s | Metal Income (Wolfiie): 6.7K/s (Reached 6.0K/s)
[2025-12-09 23:48:36] Game Time: 18m 59s | Metal Income (Wolfiie): 7.1K/s (Reached 7.0K/s)
[2025-12-09 23:50:20] Game Time: 20m 43s | Metal Income (Wolfiie): 9.2K/s (Reached 8.0K/s)
[2025-12-09 23:50:20] Game Time: 20m 43s | Metal Income (Wolfiie): 9.2K/s (Reached 9.0K/s)
[2025-12-09 23:50:35] Game Time: 20m 58s | Metal Income (Wolfiie): 11.1K/s (Reached 10.0K/s)
[2025-12-09 23:57:17] Game Time: 27m 5s | Metal Income (Wolfiie): 41.3K/s (Reached 15.0K/s)
[2025-12-09 23:57:17] Game Time: 27m 5s | Metal Income (Wolfiie): 41.3K/s (Reached 20.0K/s)
[2025-12-09 23:57:17] Game Time: 27m 5s | Metal Income (Wolfiie): 41.3K/s (Reached 30.0K/s)
[2025-12-09 23:57:17] Game Time: 27m 5s | Metal Income (Wolfiie): 41.3K/s (Reached 40.0K/s)
[2025-12-09 23:59:42] Game Time: 29m 2s | Metal Income (Wolfiie): 225.4K/s (Reached 50.0K/s)
[2025-12-09 23:59:42] Game Time: 29m 2s | Metal Income (Wolfiie): 225.4K/s (Reached 100.0K/s)
[2025-12-09 23:59:42] Game Time: 29m 2s | Metal Income (Wolfiie): 225.4K/s (Reached 200.0K/s)
[2025-12-10 00:13:49] Game Time: 41m 29s | Metal Income (JustaRando): 14.9K/s (Reached 100/s)
[2025-12-10 00:13:49] Game Time: 41m 29s | Metal Income (JustaRando): 14.9K/s (Reached 200/s)
[2025-12-10 00:13:49] Game Time: 41m 29s | Metal Income (JustaRando): 14.9K/s (Reached 500/s)
[2025-12-10 00:13:49] Game Time: 41m 29s | Metal Income (JustaRando): 14.9K/s (Reached 1.0K/s)
[2025-12-10 00:13:49] Game Time: 41m 29s | Metal Income (JustaRando): 14.9K/s (Reached 2.0K/s)
[2025-12-10 00:13:49] Game Time: 41m 29s | Metal Income (JustaRando): 14.9K/s (Reached 3.0K/s)
[2025-12-10 00:13:49] Game Time: 41m 29s | Metal Income (JustaRando): 14.9K/s (Reached 4.0K/s)
[2025-12-10 00:13:49] Game Time: 41m 29s | Metal Income (JustaRando): 14.9K/s (Reached 5.0K/s)
[2025-12-10 00:13:49] Game Time: 41m 29s | Metal Income (JustaRando): 14.9K/s (Reached 6.0K/s)
[2025-12-10 00:13:49] Game Time: 41m 29s | Metal Income (JustaRando): 14.9K/s (Reached 7.0K/s)
[2025-12-10 00:13:49] Game Time: 41m 29s | Metal Income (JustaRando): 14.9K/s (Reached 8.0K/s)
[2025-12-10 00:13:49] Game Time: 41m 29s | Metal Income (JustaRando): 14.9K/s (Reached 9.0K/s)
[2025-12-10 00:13:49] Game Time: 41m 29s | Metal Income (JustaRando): 14.9K/s (Reached 10.0K/s)

========================================
Ended: 2025-12-10 00:14:30
