Queen Death Display - Queen Death Log
Started: 2025-12-09 22:13:24
========================================
[2025-12-09 22:13:24] Game Time: 20m 43s | Widget initialized and ready
[2025-12-09 22:37:22] Game Time: 37m 15s | Queen Killed by Unknown #0 (99 remaining)
[2025-12-09 22:37:39] Game Time: 37m 24s | Queen Killed by Unknown #0 (98 remaining)
[2025-12-09 22:37:42] Game Time: 37m 24s | Queen Killed by Unknown #0 (97 remaining)
[2025-12-09 22:37:42] Game Time: 37m 25s | Queen Killed by Unknown #0 (96 remaining)
[2025-12-09 22:37:53] Game Time: 37m 29s | Queen Killed by Unknown #0 (95 remaining)
[2025-12-09 22:37:59] Game Time: 37m 32s | Queen Killed by Unknown #0 (94 remaining)
[2025-12-09 22:38:00] Game Time: 37m 32s | Queen Killed by Unknown #0 (93 remaining)
[2025-12-09 22:38:05] Game Time: 37m 34s | Queen Killed by Unknown #0 (92 remaining)
[2025-12-09 22:38:19] Game Time: 37m 39s | Queen Killed by Unknown #0 (91 remaining)
[2025-12-09 22:38:29] Game Time: 37m 43s | Queen Killed by Unknown #0 (90 remaining)
[2025-12-09 22:38:32] Game Time: 37m 44s | Queen Killed by Unknown #0 (89 remaining)
[2025-12-09 22:38:48] Game Time: 37m 49s | Queen Killed by Unknown #0 (88 remaining)
[2025-12-09 22:38:50] Game Time: 37m 50s | Queen Killed by Unknown #0 (87 remaining)
[2025-12-09 22:38:57] Game Time: 37m 52s | Queen Killed by Unknown #0 (86 remaining)
[2025-12-09 22:38:58] Game Time: 37m 52s | Queen Killed by Unknown #0 (85 remaining)
[2025-12-09 22:39:25] Game Time: 38m 1s | Queen Killed by Unknown #0 (84 remaining)
[2025-12-09 22:39:25] Game Time: 38m 1s | Queen Killed by Unknown #0 (83 remaining)
[2025-12-09 22:39:26] Game Time: 38m 1s | Queen Killed by Unknown #0 (82 remaining)
[2025-12-09 22:39:29] Game Time: 38m 2s | Queen Killed by Unknown #0 (81 remaining)
[2025-12-09 22:39:42] Game Time: 38m 5s | Queen Killed by Unknown #0 (80 remaining)
[2025-12-09 22:39:43] Game Time: 38m 6s | Queen Killed by Unknown #0 (79 remaining)

========================================
Ended: 2025-12-09 22:39:58
