Queen Death Display - Queen Death Log
Started: 2025-12-09 22:39:58
========================================
[2025-12-09 22:39:58] Game Time: 38m 10s | Widget initialized and ready
[2025-12-09 22:40:00] Game Time: 38m 10s | Queen Killed by Unknown #0 (78 remaining)
[2025-12-09 22:40:02] Game Time: 38m 11s | Queen Killed by Unknown #0 (77 remaining)
[2025-12-09 22:40:11] Game Time: 38m 14s | Queen Killed by Unknown #0 (76 remaining)
[2025-12-09 22:40:23] Game Time: 38m 17s | Queen Killed by Unknown #0 (75 remaining)
[2025-12-09 22:40:28] Game Time: 38m 18s | Queen Killed by Unknown #0 (74 remaining)
[2025-12-09 22:40:36] Game Time: 38m 21s | Queen Killed by Unknown #0 (73 remaining)
[2025-12-09 22:41:01] Game Time: 38m 28s | Queen Killed by Unknown #0 (72 remaining)
[2025-12-09 22:41:05] Game Time: 38m 29s | Queen Killed by Unknown #0 (71 remaining)
[2025-12-09 22:41:08] Game Time: 38m 30s | Queen Killed by Unknown #0 (70 remaining)
[2025-12-09 22:41:28] Game Time: 38m 35s | Queen Killed by Unknown #0 (69 remaining)
[2025-12-09 22:41:38] Game Time: 38m 38s | Queen Killed by Unknown #0 (68 remaining)
[2025-12-09 22:41:47] Game Time: 38m 40s | Queen Killed by Unknown #0 (67 remaining)
[2025-12-09 22:41:52] Game Time: 38m 41s | Queen Killed by Unknown #0 (66 remaining)
[2025-12-09 22:42:11] Game Time: 38m 46s | Queen Killed by Unknown #0 (65 remaining)
[2025-12-09 22:42:11] Game Time: 38m 46s | Queen Killed by Unknown #0 (64 remaining)
[2025-12-09 22:42:17] Game Time: 38m 48s | Queen Killed by Unknown #0 (63 remaining)
[2025-12-09 22:42:41] Game Time: 38m 54s | Queen Killed by Unknown #0 (62 remaining)
[2025-12-09 22:43:00] Game Time: 39m | Queen Killed by Unknown #0 (61 remaining)
[2025-12-09 22:43:35] Game Time: 39m 9s | Queen Killed by Unknown #0 (60 remaining)
[2025-12-09 22:43:40] Game Time: 39m 10s | Queen Killed by Unknown #0 (59 remaining)
[2025-12-09 22:43:40] Game Time: 39m 10s | Queen Killed by Unknown #0 (58 remaining)
[2025-12-09 22:43:40] Game Time: 39m 10s | Queen Killed by Unknown #0 (57 remaining)
[2025-12-09 22:44:09] Game Time: 39m 18s | Queen Killed by Unknown #0 (56 remaining)
[2025-12-09 22:44:17] Game Time: 39m 20s | Queen Killed by Unknown #0 (55 remaining)
[2025-12-09 22:44:30] Game Time: 39m 24s | Queen Killed by Unknown #0 (54 remaining)
[2025-12-09 22:44:37] Game Time: 39m 26s | Queen Killed by Unknown #0 (53 remaining)
[2025-12-09 22:44:57] Game Time: 39m 33s | Queen Killed by Unknown #0 (52 remaining)
[2025-12-09 22:45:15] Game Time: 39m 38s | Queen Killed by Unknown #0 (51 remaining)
[2025-12-09 22:45:20] Game Time: 39m 39s | Queen Killed by Unknown #0 (50 remaining)
[2025-12-09 22:45:34] Game Time: 39m 43s | Queen Killed by Unknown #0 (49 remaining)
[2025-12-09 22:46:08] Game Time: 39m 53s | Queen Killed by Unknown #0 (48 remaining)
[2025-12-09 22:46:16] Game Time: 39m 56s | Queen Killed by Unknown #0 (47 remaining)
[2025-12-09 22:46:27] Game Time: 39m 59s | Queen Killed by Unknown #0 (46 remaining)
[2025-12-09 22:46:44] Game Time: 40m 4s | Queen Killed by Unknown #0 (45 remaining)
[2025-12-09 22:47:08] Game Time: 40m 11s | Queen Killed by Unknown #0 (44 remaining)
[2025-12-09 22:47:13] Game Time: 40m 13s | Queen Killed by Unknown #0 (43 remaining)
[2025-12-09 22:47:19] Game Time: 40m 14s | Queen Killed by Unknown #0 (42 remaining)
[2025-12-09 22:47:24] Game Time: 40m 16s | Queen Killed by Unknown #0 (41 remaining)
[2025-12-09 22:48:04] Game Time: 40m 28s | Queen Killed by Unknown #0 (40 remaining)
[2025-12-09 22:48:24] Game Time: 40m 35s | Queen Killed by Unknown #0 (39 remaining)
[2025-12-09 22:48:39] Game Time: 40m 40s | Queen Killed by Unknown #0 (38 remaining)
[2025-12-09 22:49:23] Game Time: 40m 54s | Queen Killed by Unknown #0 (37 remaining)
[2025-12-09 22:49:28] Game Time: 40m 56s | Queen Killed by Unknown #0 (36 remaining)
[2025-12-09 22:49:52] Game Time: 41m 4s | Queen Killed by Unknown #0 (35 remaining)
[2025-12-09 22:50:04] Game Time: 41m 8s | Queen Killed by Unknown #0 (34 remaining)

========================================
Ended: 2025-12-09 22:50:27
